Afghanistan: 28500000 647500 44.01544401544402
Akrotiri: ? 123 ?
Albania: 3540000 28748 123.1390009739808
Algeria: 32100000 2381740 13.477541629229052
American Samoa: 57900 199 290.95477386934675
Andorra: 69900 468 149.35897435897436
Angola: 11000000 1246700 8.823293494826341
Anguilla: 13000 102 127.45098039215686
Antigua and Barbuda: 68300 443 154.17607223476298
Argentina: 39100000 2766890 14.131389393868206
Armenia: 2990000 29800 100.33557046979865
Aruba: 71200 193 368.9119170984456
Ashmore and Cartier Islands: ? 5 ?
Australia: 19900000 7686850 2.588836779695194
Austria: 8170000 83870 97.41266245379754
Azerbaijan: 7870000 86600 90.87759815242494
Bahamas, The: 300000 13940 21.52080344332855
Bahrain: 678000 665 1019.5488721804511
Baker Island: ? 1.4 ?
Bangladesh: 141000000 144000 979.1666666666666
Barbados: 278000 431 645.0116009280742
Bassas da India: ? 0.2 ?
Belarus: 10300000 207600 49.614643545279385
Belgium: 10300000 30528 337.395178197065
Belize: 273000 22966 11.88713750761996
Benin: 7250000 112620 64.37577694903214
Bermuda: 64900 53.3 1217.6360225140713
Bhutan: 2190000 47000 46.59574468085106
Bolivia: 8720000 1098580 7.937519343152069
Bosnia and Herzegovina: 4010000 51129 78.429071564083
Botswana: 1560000 600370 2.5983976547795526
Bouvet Island: ? 58.5 ?
Brazil: 184000000 8511965 21.616630237553842
British Indian Ocean Territory: ? 60 ?
British Virgin Islands: 22200 153 145.09803921568627
Brunei: 365000 5770 63.258232235701904
Bulgaria: 7520000 110910 67.80272292850059
Burkina Faso: 13600000 274200 49.59883296863603
Burma: 42700000 678500 62.932940309506264
Burundi: 6230000 27830 223.8591448077614
Cambodia: 13400000 181040 74.01679186920018
Cameroon: 16100000 475440 33.86336866902238
Canada: 32500000 9984670 3.254989899515958
Cape Verde: 415000 4033 102.9010662038185
Cayman Islands: 43100 262 164.50381679389312
Central African Republic: 3740000 622984 6.003364452377589
Chad: 9540000 1284000 7.429906542056075
Chile: 15800000 756950 20.87324129731158
China: 1300000000 9596960 135.459562194695
Christmas Island: 396 135 2.933333333333333
Clipperton Island: ? 6 ?
Cocos (Keeling) Islands: 629 14 44.92857142857143
Colombia: 42300000 1138910 37.1407749514887
Comoros: 652000 2170 300.46082949308754
Congo, Democratic Republic of the: 58300000 2345410 24.85706123875996
Congo, Republic of the: 3000000 342000 8.771929824561404
Cook Islands: 21200 240 88.33333333333333
Coral Sea Islands: ? 3 ?
Costa Rica: 3960000 51100 77.49510763209393
Cote d'Ivoire: 17300000 322460 53.65006512435651
Croatia: 4500000 56542 79.58685578861731
Cuba: 11300000 110860 101.93036261952011
Cyprus: 776000 9250 83.89189189189189
Czech Republic: 10200000 78866 129.33329952070602
Denmark: 5410000 43094 125.53951826240312
Dhekelia: ? 130.8 ?
Djibouti: 467000 23000 20.304347826086957
Dominica: 69300 754 91.90981432360742
Dominican Republic: 8830000 48730 181.20254463369588
East Timor: 1020000 15007 67.96828146864796
Ecuador: 13200000 283560 46.55099449851883
Egypt: 76100000 1001450 75.98981476858555
El Salvador: 6590000 21040 313.212927756654
Equatorial Guinea: 523000 28051 18.644611600299456
Eritrea: 4450000 121320 36.67985492911309
Estonia: 1340000 45226 29.628974483704063
Ethiopia: 67900000 1127127 60.24165865958317
Europa Island: ? 28 ?
Falkland Islands (Islas Malvinas): 2970 12173 0.24398258440811632
Faroe Islands: 46700 1399 33.38098641887062
Fiji: 881000 18270 48.22112753147236
Finland: 5210000 338145 15.40759141788286
France: 60400000 547030 110.414419684478
French Guiana: 191000 91000 2.098901098901099
French Polynesia: 266000 4167 63.83489320854331
French Southern and Antarctic Lands: ? 7829 ?
Gabon: 1360000 267667 5.080940123362238
Gambia, The: 1550000 11300 137.16814159292036
Gaza Strip: 1320000 360 3666.6666666666665
Georgia: 4690000 69700 67.2883787661406
Germany: 82400000 357021 230.79874853299947
Ghana: 20800000 239460 86.86210640608034
Gibraltar: 27800 6.5 4276.923076923077
Glorioso Islands: ? 5 ?
Greece: 10600000 131940 80.339548279521
Greenland: 56400 2166086 0.026037747347058243
Grenada: 89400 344 259.8837209302326
Guadeloupe: 445000 1780 250.0
Guam: 166000 549 302.367941712204
Guatemala: 14300000 108890 131.32519055928
Guernsey: 65000 78 833.3333333333334
Guinea: 9250000 245857 37.62349658541347
Guinea-Bissau: 1390000 36120 38.4828349944629
Guyana: 706000 214970 3.2841791877936455
Haiti: 7660000 27750 276.036036036036
Holy See (Vatican City): 921 0.44 2093.181818181818
Honduras: 6820000 112090 60.84396467124632
Hong Kong: 6860000 1092 6282.051282051282
Howland Island: ? 1.6 ?
Hungary: 10000000 93030 107.49220681500591
Iceland: 294000 103000 2.854368932038835
India: 1070000000 3287590 325.46637506501725
Indonesia: 238000000 1919440 123.99449839536531
Iran: 69000000 1648000 41.86893203883495
Iraq: 25400000 437072 58.113994948200755
Ireland: 3970000 70280 56.48833238474673
Israel: 6200000 20770 298.5074626865672
Italy: 58100000 301230 192.87587557680177
Jamaica: 2710000 10991 246.56537166772813
Jan Mayen: ? 373 ?
Japan: 127000000 377835 336.1255574523271
Jarvis Island: ? 4.5 ?
Jersey: 90500 116 780.1724137931035
Johnston Atoll: 396 2.8 141.42857142857144
Jordan: 5610000 92300 60.78006500541712
Juan de Nova Island: ? 4.4 ?
Kazakhstan: 15100000 2717300 5.556986714753616
Kenya: 32000000 582650 54.92147944735261
Kingman Reef: ? 1 ?
Kiribati: 101000 811 124.53760789149199
Korea, North: 22700000 120540 188.3192301310768
Korea, South: 48600000 98480 493.5012185215272
Kuwait: 2260000 17820 126.82379349046016
Kyrgyzstan: 5080000 198500 25.591939546599495
Laos: 6070000 236800 25.633445945945947
Latvia: 2310000 64589 35.76460387991763
Lebanon: 3780000 10400 363.46153846153845
Lesotho: 1870000 30355 61.604348542250044
Liberia: 3390000 111370 30.43907695070486
Libya: 5630000 1759540 3.1996999215704105
Liechtenstein: 33400 160 208.75
Lithuania: 3610000 65200 55.3680981595092
Luxembourg: 463000 2586 179.04098994586232
Macau: 445000 25.4 17519.68503937008
Macedonia: 2070000 25333 81.71160146844038
Madagascar: 17500000 587040 29.810575088579995
Malawi: 11900000 118480 100.43889264010804
Malaysia: 23500000 329750 71.2661106899166
Maldives: 339000 300 1130.0
Mali: 12000000 1240000 9.67741935483871
Malta: 397000 316 1256.3291139240507
Man, Isle of: 74700 572 130.5944055944056
Marshall Islands: 57700 181.3 318.2570325427468
Martinique: 430000 1100 390.90909090909093
Mauritania: 3000000 1030700 2.910643252158727
Mauritius: 1220000 2040 598.0392156862745
Mayotte: 186000 374 497.32620320855614
Mexico: 105000000 1972550 53.230589845631286
Micronesia, Federated States of: 108000 702 153.84615384615384
Midway Islands: ? 6.2 ?
Moldova: 4450000 33843 131.48952516029902
Monaco: 32300 1.95 16564.102564102566
Mongolia: 2750000 1564116 1.7581816182431482
Montserrat: 9250 102 90.68627450980392
Morocco: 32200000 446550 72.10838651886687
Mozambique: 18800000 801590 23.45338639454085
Namibia: 1950000 825418 2.36243939434323
Nauru: 12800 21 609.5238095238095
Navassa Island: ? 5.4 ?
Nepal: 27100000 140800 192.4715909090909
Netherlands: 16300000 41526 392.52516495689446
Netherlands Antilles: 218000 960 227.08333333333334
New Caledonia: 214000 19060 11.227701993704093
New Zealand: 3990000 268680 14.850379633765074
Nicaragua: 5360000 129494 41.39187916042442
Niger: 11400000 1267000 8.997632202052092
Nigeria: 137000000 923768 148.30563518112774
Niue: 2160 260 8.307692307692308
Norfolk Island: 1840 34.6 53.179190751445084
Northern Mariana Islands: 78300 477 164.1509433962264
Norway: 4570000 324220 14.095367343162051
Oman: 2900000 212460 13.649628165301705
Pakistan: 159000000 803940 197.7759534293604
Palau: 20000 458 43.66812227074236
Palmyra Atoll: ? 11.9 ?
Panama: 3000000 78200 38.36317135549872
Papua New Guinea: 5420000 462840 11.710310258404633
Paraguay: 6190000 406750 15.218192993239091
Peru: 27500000 1285220 21.39711489083581
Philippines: 86200000 300000 287.3333333333333
Pitcairn Islands: 46 47 0.9787234042553191
Poland: 38600000 312685 123.44691942370117
Portugal: 10500000 92391 113.64743319154464
Puerto Rico: 3900000 9104 428.38312829525483
Qatar: 840000 11437 73.44583369764798
Reunion: 766000 2517 304.33055224473577
Romania: 22400000 237500 94.3157894736842
Russia: 144000000 17075200 8.433283358320839
Rwanda: 7950000 26338 301.84524261523273
Saint Helena: 7420 410 18.097560975609756
Saint Kitts and Nevis: 38800 261 148.65900383141764
Saint Lucia: 164000 616 266.23376623376623
Saint Pierre and Miquelon: 7000 242 28.925619834710744
Saint Vincent and the Grenadines: 117000 389 300.77120822622106
Samoa: 178000 2944 60.46195652173913
San Marino: 28500 61.2 465.6862745098039
Sao Tome and Principe: 182000 1001 181.8181818181818
Saudi Arabia: 25800000 1960582 13.159357782536002
Senegal: 10900000 196190 55.55838727763902
Serbia and Montenegro: 10800000 102350 105.52027357107963
Seychelles: 80800 455 177.58241758241758
Sierra Leone: 5880000 71740 81.96264287705604
Singapore: 4350000 692.7 6279.774794283239
Slovakia: 5420000 48845 110.9632511004197
Slovenia: 2010000 20273 99.14664825136882
Solomon Islands: 524000 28450 18.418277680140598
Somalia: 8300000 637657 13.016402235057406
South Africa: 42700000 1219912 35.002524772278655
South Georgia and the South Sandwich Islands: ? 3903 ?
Spain: 40300000 504782 79.83644424721959
Spratly Islands: ? 5 ?
Sri Lanka: 19900000 65610 303.30742264898646
Sudan: 39100000 2505810 15.603736915408591
Suriname: 437000 163270 2.6765480492435842
Svalbard: 2760 62049 0.04448097471353285
Swaziland: 1170000 17363 67.38466854806197
Sweden: 8990000 449964 19.979376127868008
Switzerland: 7450000 41290 180.43109711794622
Syria: 18000000 185180 97.20272167620693
Taiwan: 22700000 35980 630.9060589216231
Tajikistan: 7010000 143100 48.986722571628235
Tanzania: 36600000 945087 38.72659342473233
Thailand: 64900000 514000 126.26459143968872
Togo: 5560000 56785 97.91318129787795
Tokelau: 1410 10 141.0
Tonga: 110000 748 147.05882352941177
Trinidad and Tobago: 1100000 5128 214.50858034321374
Tromelin Island: ? 1 ?
Tunisia: 9970000 163610 60.93759550149746
Turkey: 68900000 780580 88.26769837812908
Turkmenistan: 4860000 488100 9.956976029502151
Turks and Caicos Islands: 20000 430 46.51162790697674
Tuvalu: 11500 26 442.3076923076923
Uganda: 26400000 236040 111.84544992374174
Ukraine: 47700000 603700 79.01275467947656
United Arab Emirates: 2520000 82880 30.405405405405407
United Kingdom: 60300000 244820 246.30340658442938
United States: 293000000 9631418 30.42127337843711
Uruguay: 3400000 176220 19.294064237884463
Uzbekistan: 26400000 447400 59.007599463567274
Vanuatu: 203000 12200 16.639344262295083
Venezuela: 25000000 912050 27.410777917877308
Vietnam: 82700000 329560 250.94064813690983
Virgin Islands: 109000 352 309.65909090909093
Wake Island: ? 6.5 ?
Wallis and Futuna: 15900 274 58.02919708029197
West Bank: 2310000 5860 394.19795221843003
Western Sahara: 267000 266000 1.0037593984962405
Yemen: 20000000 527970 37.88094020493589
Zambia: 10500000 752614 13.951374808334684
Zimbabwe: 12700000 390580 32.51574581391776
